Terminals unused in grammar

   RESERVED


Grammar

    0 $accept: Program $end

    1 Program: FunctionsAndDeclarations

    2 FunctionsAndDeclarations: FunctionsAndDeclarations FunctionDefinition
    3                         | FunctionsAndDeclarations FunctionDeclaration
    4                         | FunctionsAndDeclarations Declaration
    5                         | FunctionsAndDeclarations error SEMI
    6                         | FunctionDefinition
    7                         | FunctionDeclaration
    8                         | Declaration
    9                         | error SEMI

   10 FunctionDefinition: TypeSpec FunctionDeclarator FunctionBody

   11 FunctionBody: LBRACE RBRACE
   12             | LBRACE DeclarationAndStatements RBRACE

   13 DeclarationAndStatements: Statement DeclarationAndStatements
   14                         | Declaration DeclarationAndStatements
   15                         | Statement
   16                         | Declaration

   17 FunctionDeclaration: TypeSpec FunctionDeclarator SEMI

   18 FunctionDeclarator: ID LPAR ParameterList RPAR

   19 ParameterList: ParameterDeclaration
   20              | ParameterList COMMA ParameterDeclaration

   21 ParameterDeclaration: TypeSpec
   22                     | TypeSpec ID

   23 Declaration: DeclarationAux SEMI

   24 DeclarationAux: TypeSpec Declarator
   25               | DeclarationAux COMMA Declarator

   26 TypeSpec: CHAR
   27         | INT
   28         | VOID
   29         | SHORT
   30         | DOUBLE

   31 Declarator: ID
   32           | ID ASSIGN Expr

   33 Statement: SEMI
   34          | Expr SEMI
   35          | LBRACE RBRACE
   36          | LBRACE StatementAux RBRACE
   37          | IF LPAR Expr RPAR Statement
   38          | IF LPAR Expr RPAR Statement ELSE Statement
   39          | WHILE LPAR Expr RPAR Statement
   40          | RETURN SEMI
   41          | RETURN Expr SEMI
   42          | error SEMI
   43          | LBRACE error RBRACE

   44 StatementAux: Statement
   45             | StatementAux Statement

   46 Expr: Expr ASSIGN Expr
   47     | Expr COMMA Expr
   48     | Expr EQ Expr
   49     | Expr NE Expr
   50     | Expr LE Expr
   51     | Expr GE Expr
   52     | Expr LT Expr
   53     | Expr GT Expr
   54     | Expr PLUS Expr
   55     | Expr MINUS Expr
   56     | Expr MUL Expr
   57     | Expr DIV Expr
   58     | Expr MOD Expr
   59     | Expr OR Expr
   60     | Expr AND Expr
   61     | Expr BITWISEAND Expr
   62     | Expr BITWISEOR Expr
   63     | Expr BITWISEXOR Expr
   64     | PLUS Expr
   65     | MINUS Expr
   66     | NOT Expr
   67     | ID LPAR RPAR
   68     | ID LPAR Expr RPAR
   69     | ID
   70     | INTLIT
   71     | CHRLIT
   72     | REALLIT
   73     | LPAR Expr RPAR
   74     | ID LPAR error RPAR
   75     | LPAR error RPAR


Terminals, with rules where they appear

$end (0) 0
error (256) 5 9 42 43 74 75
CHAR (258) 26
ELSE (259) 38
WHILE (260) 39
IF (261) 37 38
SHORT (262) 29
INT (263) 27
DOUBLE (264) 30
RETURN (265) 40 41
VOID (266) 28
BITWISEOR (267) 62
BITWISEAND (268) 61
BITWISEXOR (269) 63
AND (270) 60
ASSIGN (271) 32 46
MUL (272) 56
COMMA (273) 20 25 47
DIV (274) 57
EQ (275) 48
GE (276) 51
GT (277) 53
LBRACE (278) 11 12 35 36 43
LE (279) 50
LPAR (280) 18 37 38 39 67 68 73 74 75
LT (281) 52
MINUS (282) 55 65
MOD (283) 58
NE (284) 49
NOT (285) 66
OR (286) 59
PLUS (287) 54 64
RBRACE (288) 11 12 35 36 43
RPAR (289) 18 37 38 39 67 68 73 74 75
SEMI (290) 5 9 17 23 33 34 40 41 42
REALLIT (291) 72
CHRLIT (292) 71
INTLIT (293) 70
ID (294) 18 22 31 32 67 68 69 74
RESERVED (295)
ELSE_PRIORITY (296)


Nonterminals, with rules where they appear

$accept (42)
    on left: 0
Program (43)
    on left: 1, on right: 0
FunctionsAndDeclarations (44)
    on left: 2 3 4 5 6 7 8 9, on right: 1 2 3 4 5
FunctionDefinition (45)
    on left: 10, on right: 2 6
FunctionBody (46)
    on left: 11 12, on right: 10
DeclarationAndStatements (47)
    on left: 13 14 15 16, on right: 12 13 14
FunctionDeclaration (48)
    on left: 17, on right: 3 7
FunctionDeclarator (49)
    on left: 18, on right: 10 17
ParameterList (50)
    on left: 19 20, on right: 18 20
ParameterDeclaration (51)
    on left: 21 22, on right: 19 20
Declaration (52)
    on left: 23, on right: 4 8 14 16
DeclarationAux (53)
    on left: 24 25, on right: 23 25
TypeSpec (54)
    on left: 26 27 28 29 30, on right: 10 17 21 22 24
Declarator (55)
    on left: 31 32, on right: 24 25
Statement (56)
    on left: 33 34 35 36 37 38 39 40 41 42 43, on right: 13 15 37 38
    39 44 45
StatementAux (57)
    on left: 44 45, on right: 36 45
Expr (58)
    on left: 46 47 48 49 50 51 52 53 54 55 56 57 58 59 60 61 62 63
    64 65 66 67 68 69 70 71 72 73 74 75, on right: 32 34 37 38 39 41
    46 47 48 49 50 51 52 53 54 55 56 57 58 59 60 61 62 63 64 65 66
    68 73


State 0

    0 $accept: . Program $end

    error   shift, and go to state 1
    CHAR    shift, and go to state 2
    SHORT   shift, and go to state 3
    INT     shift, and go to state 4
    DOUBLE  shift, and go to state 5
    VOID    shift, and go to state 6

    Program                   go to state 7
    FunctionsAndDeclarations  go to state 8
    FunctionDefinition        go to state 9
    FunctionDeclaration       go to state 10
    Declaration               go to state 11
    DeclarationAux            go to state 12
    TypeSpec                  go to state 13


State 1

    9 FunctionsAndDeclarations: error . SEMI

    SEMI  shift, and go to state 14


State 2

   26 TypeSpec: CHAR .

    $default  reduce using rule 26 (TypeSpec)


State 3

   29 TypeSpec: SHORT .

    $default  reduce using rule 29 (TypeSpec)


State 4

   27 TypeSpec: INT .

    $default  reduce using rule 27 (TypeSpec)


State 5

   30 TypeSpec: DOUBLE .

    $default  reduce using rule 30 (TypeSpec)


State 6

   28 TypeSpec: VOID .

    $default  reduce using rule 28 (TypeSpec)


State 7

    0 $accept: Program . $end

    $end  shift, and go to state 15


State 8

    1 Program: FunctionsAndDeclarations .
    2 FunctionsAndDeclarations: FunctionsAndDeclarations . FunctionDefinition
    3                         | FunctionsAndDeclarations . FunctionDeclaration
    4                         | FunctionsAndDeclarations . Declaration
    5                         | FunctionsAndDeclarations . error SEMI

    error   shift, and go to state 16
    CHAR    shift, and go to state 2
    SHORT   shift, and go to state 3
    INT     shift, and go to state 4
    DOUBLE  shift, and go to state 5
    VOID    shift, and go to state 6

    $end  reduce using rule 1 (Program)

    FunctionDefinition   go to state 17
    FunctionDeclaration  go to state 18
    Declaration          go to state 19
    DeclarationAux       go to state 12
    TypeSpec             go to state 13


State 9

    6 FunctionsAndDeclarations: FunctionDefinition .

    $default  reduce using rule 6 (FunctionsAndDeclarations)


State 10

    7 FunctionsAndDeclarations: FunctionDeclaration .

    $default  reduce using rule 7 (FunctionsAndDeclarations)


State 11

    8 FunctionsAndDeclarations: Declaration .

    $default  reduce using rule 8 (FunctionsAndDeclarations)


State 12

   23 Declaration: DeclarationAux . SEMI
   25 DeclarationAux: DeclarationAux . COMMA Declarator

    COMMA  shift, and go to state 20
    SEMI   shift, and go to state 21


State 13

   10 FunctionDefinition: TypeSpec . FunctionDeclarator FunctionBody
   17 FunctionDeclaration: TypeSpec . FunctionDeclarator SEMI
   24 DeclarationAux: TypeSpec . Declarator

    ID  shift, and go to state 22

    FunctionDeclarator  go to state 23
    Declarator          go to state 24


State 14

    9 FunctionsAndDeclarations: error SEMI .

    $default  reduce using rule 9 (FunctionsAndDeclarations)


State 15

    0 $accept: Program $end .

    $default  accept


State 16

    5 FunctionsAndDeclarations: FunctionsAndDeclarations error . SEMI

    SEMI  shift, and go to state 25


State 17

    2 FunctionsAndDeclarations: FunctionsAndDeclarations FunctionDefinition .

    $default  reduce using rule 2 (FunctionsAndDeclarations)


State 18

    3 FunctionsAndDeclarations: FunctionsAndDeclarations FunctionDeclaration .

    $default  reduce using rule 3 (FunctionsAndDeclarations)


State 19

    4 FunctionsAndDeclarations: FunctionsAndDeclarations Declaration .

    $default  reduce using rule 4 (FunctionsAndDeclarations)


State 20

   25 DeclarationAux: DeclarationAux COMMA . Declarator

    ID  shift, and go to state 26

    Declarator  go to state 27


State 21

   23 Declaration: DeclarationAux SEMI .

    $default  reduce using rule 23 (Declaration)


State 22

   18 FunctionDeclarator: ID . LPAR ParameterList RPAR
   31 Declarator: ID .
   32           | ID . ASSIGN Expr

    ASSIGN  shift, and go to state 28
    LPAR    shift, and go to state 29

    $default  reduce using rule 31 (Declarator)


State 23

   10 FunctionDefinition: TypeSpec FunctionDeclarator . FunctionBody
   17 FunctionDeclaration: TypeSpec FunctionDeclarator . SEMI

    LBRACE  shift, and go to state 30
    SEMI    shift, and go to state 31

    FunctionBody  go to state 32


State 24

   24 DeclarationAux: TypeSpec Declarator .

    $default  reduce using rule 24 (DeclarationAux)


State 25

    5 FunctionsAndDeclarations: FunctionsAndDeclarations error SEMI .

    $default  reduce using rule 5 (FunctionsAndDeclarations)


State 26

   31 Declarator: ID .
   32           | ID . ASSIGN Expr

    ASSIGN  shift, and go to state 28

    $default  reduce using rule 31 (Declarator)


State 27

   25 DeclarationAux: DeclarationAux COMMA Declarator .

    $default  reduce using rule 25 (DeclarationAux)


State 28

   32 Declarator: ID ASSIGN . Expr

    LPAR     shift, and go to state 33
    MINUS    shift, and go to state 34
    NOT      shift, and go to state 35
    PLUS     shift, and go to state 36
    REALLIT  shift, and go to state 37
    CHRLIT   shift, and go to state 38
    INTLIT   shift, and go to state 39
    ID       shift, and go to state 40

    Expr  go to state 41


State 29

   18 FunctionDeclarator: ID LPAR . ParameterList RPAR

    CHAR    shift, and go to state 2
    SHORT   shift, and go to state 3
    INT     shift, and go to state 4
    DOUBLE  shift, and go to state 5
    VOID    shift, and go to state 6

    ParameterList         go to state 42
    ParameterDeclaration  go to state 43
    TypeSpec              go to state 44


State 30

   11 FunctionBody: LBRACE . RBRACE
   12             | LBRACE . DeclarationAndStatements RBRACE

    error    shift, and go to state 45
    CHAR     shift, and go to state 2
    WHILE    shift, and go to state 46
    IF       shift, and go to state 47
    SHORT    shift, and go to state 3
    INT      shift, and go to state 4
    DOUBLE   shift, and go to state 5
    RETURN   shift, and go to state 48
    VOID     shift, and go to state 6
    LBRACE   shift, and go to state 49
    LPAR     shift, and go to state 33
    MINUS    shift, and go to state 34
    NOT      shift, and go to state 35
    PLUS     shift, and go to state 36
    RBRACE   shift, and go to state 50
    SEMI     shift, and go to state 51
    REALLIT  shift, and go to state 37
    CHRLIT   shift, and go to state 38
    INTLIT   shift, and go to state 39
    ID       shift, and go to state 40

    DeclarationAndStatements  go to state 52
    Declaration               go to state 53
    DeclarationAux            go to state 12
    TypeSpec                  go to state 54
    Statement                 go to state 55
    Expr                      go to state 56


State 31

   17 FunctionDeclaration: TypeSpec FunctionDeclarator SEMI .

    $default  reduce using rule 17 (FunctionDeclaration)


State 32

   10 FunctionDefinition: TypeSpec FunctionDeclarator FunctionBody .

    $default  reduce using rule 10 (FunctionDefinition)


State 33

   73 Expr: LPAR . Expr RPAR
   75     | LPAR . error RPAR

    error    shift, and go to state 57
    LPAR     shift, and go to state 33
    MINUS    shift, and go to state 34
    NOT      shift, and go to state 35
    PLUS     shift, and go to state 36
    REALLIT  shift, and go to state 37
    CHRLIT   shift, and go to state 38
    INTLIT   shift, and go to state 39
    ID       shift, and go to state 40

    Expr  go to state 58


State 34

   65 Expr: MINUS . Expr

    LPAR     shift, and go to state 33
    MINUS    shift, and go to state 34
    NOT      shift, and go to state 35
    PLUS     shift, and go to state 36
    REALLIT  shift, and go to state 37
    CHRLIT   shift, and go to state 38
    INTLIT   shift, and go to state 39
    ID       shift, and go to state 40

    Expr  go to state 59


State 35

   66 Expr: NOT . Expr

    LPAR     shift, and go to state 33
    MINUS    shift, and go to state 34
    NOT      shift, and go to state 35
    PLUS     shift, and go to state 36
    REALLIT  shift, and go to state 37
    CHRLIT   shift, and go to state 38
    INTLIT   shift, and go to state 39
    ID       shift, and go to state 40

    Expr  go to state 60


State 36

   64 Expr: PLUS . Expr

    LPAR     shift, and go to state 33
    MINUS    shift, and go to state 34
    NOT      shift, and go to state 35
    PLUS     shift, and go to state 36
    REALLIT  shift, and go to state 37
    CHRLIT   shift, and go to state 38
    INTLIT   shift, and go to state 39
    ID       shift, and go to state 40

    Expr  go to state 61


State 37

   72 Expr: REALLIT .

    $default  reduce using rule 72 (Expr)


State 38

   71 Expr: CHRLIT .

    $default  reduce using rule 71 (Expr)


State 39

   70 Expr: INTLIT .

    $default  reduce using rule 70 (Expr)


State 40

   67 Expr: ID . LPAR RPAR
   68     | ID . LPAR Expr RPAR
   69     | ID .
   74     | ID . LPAR error RPAR

    LPAR  shift, and go to state 62

    $default  reduce using rule 69 (Expr)


State 41

   32 Declarator: ID ASSIGN Expr .
   46 Expr: Expr . ASSIGN Expr
   47     | Expr . COMMA Expr
   48     | Expr . EQ Expr
   49     | Expr . NE Expr
   50     | Expr . LE Expr
   51     | Expr . GE Expr
   52     | Expr . LT Expr
   53     | Expr . GT Expr
   54     | Expr . PLUS Expr
   55     | Expr . MINUS Expr
   56     | Expr . MUL Expr
   57     | Expr . DIV Expr
   58     | Expr . MOD Expr
   59     | Expr . OR Expr
   60     | Expr . AND Expr
   61     | Expr . BITWISEAND Expr
   62     | Expr . BITWISEOR Expr
   63     | Expr . BITWISEXOR Expr

    BITWISEOR   shift, and go to state 63
    BITWISEAND  shift, and go to state 64
    BITWISEXOR  shift, and go to state 65
    AND         shift, and go to state 66
    ASSIGN      shift, and go to state 67
    MUL         shift, and go to state 68
    DIV         shift, and go to state 70
    EQ          shift, and go to state 71
    GE          shift, and go to state 72
    GT          shift, and go to state 73
    LE          shift, and go to state 74
    LT          shift, and go to state 75
    MINUS       shift, and go to state 76
    MOD         shift, and go to state 77
    NE          shift, and go to state 78
    OR          shift, and go to state 79
    PLUS        shift, and go to state 80

    $default  reduce using rule 32 (Declarator)


State 42

   18 FunctionDeclarator: ID LPAR ParameterList . RPAR
   20 ParameterList: ParameterList . COMMA ParameterDeclaration

    COMMA  shift, and go to state 81
    RPAR   shift, and go to state 82


State 43

   19 ParameterList: ParameterDeclaration .

    $default  reduce using rule 19 (ParameterList)


State 44

   21 ParameterDeclaration: TypeSpec .
   22                     | TypeSpec . ID

    ID  shift, and go to state 83

    $default  reduce using rule 21 (ParameterDeclaration)


State 45

   42 Statement: error . SEMI

    SEMI  shift, and go to state 84


State 46

   39 Statement: WHILE . LPAR Expr RPAR Statement

    LPAR  shift, and go to state 85


State 47

   37 Statement: IF . LPAR Expr RPAR Statement
   38          | IF . LPAR Expr RPAR Statement ELSE Statement

    LPAR  shift, and go to state 86


State 48

   40 Statement: RETURN . SEMI
   41          | RETURN . Expr SEMI

    LPAR     shift, and go to state 33
    MINUS    shift, and go to state 34
    NOT      shift, and go to state 35
    PLUS     shift, and go to state 36
    SEMI     shift, and go to state 87
    REALLIT  shift, and go to state 37
    CHRLIT   shift, and go to state 38
    INTLIT   shift, and go to state 39
    ID       shift, and go to state 40

    Expr  go to state 88


State 49

   35 Statement: LBRACE . RBRACE
   36          | LBRACE . StatementAux RBRACE
   43          | LBRACE . error RBRACE

    error    shift, and go to state 89
    WHILE    shift, and go to state 46
    IF       shift, and go to state 47
    RETURN   shift, and go to state 48
    LBRACE   shift, and go to state 49
    LPAR     shift, and go to state 33
    MINUS    shift, and go to state 34
    NOT      shift, and go to state 35
    PLUS     shift, and go to state 36
    RBRACE   shift, and go to state 90
    SEMI     shift, and go to state 51
    REALLIT  shift, and go to state 37
    CHRLIT   shift, and go to state 38
    INTLIT   shift, and go to state 39
    ID       shift, and go to state 40

    Statement     go to state 91
    StatementAux  go to state 92
    Expr          go to state 56


State 50

   11 FunctionBody: LBRACE RBRACE .

    $default  reduce using rule 11 (FunctionBody)


State 51

   33 Statement: SEMI .

    $default  reduce using rule 33 (Statement)


State 52

   12 FunctionBody: LBRACE DeclarationAndStatements . RBRACE

    RBRACE  shift, and go to state 93


State 53

   14 DeclarationAndStatements: Declaration . DeclarationAndStatements
   16                         | Declaration .

    error    shift, and go to state 45
    CHAR     shift, and go to state 2
    WHILE    shift, and go to state 46
    IF       shift, and go to state 47
    SHORT    shift, and go to state 3
    INT      shift, and go to state 4
    DOUBLE   shift, and go to state 5
    RETURN   shift, and go to state 48
    VOID     shift, and go to state 6
    LBRACE   shift, and go to state 49
    LPAR     shift, and go to state 33
    MINUS    shift, and go to state 34
    NOT      shift, and go to state 35
    PLUS     shift, and go to state 36
    SEMI     shift, and go to state 51
    REALLIT  shift, and go to state 37
    CHRLIT   shift, and go to state 38
    INTLIT   shift, and go to state 39
    ID       shift, and go to state 40

    RBRACE  reduce using rule 16 (DeclarationAndStatements)

    DeclarationAndStatements  go to state 94
    Declaration               go to state 53
    DeclarationAux            go to state 12
    TypeSpec                  go to state 54
    Statement                 go to state 55
    Expr                      go to state 56


State 54

   24 DeclarationAux: TypeSpec . Declarator

    ID  shift, and go to state 26

    Declarator  go to state 24


State 55

   13 DeclarationAndStatements: Statement . DeclarationAndStatements
   15                         | Statement .

    error    shift, and go to state 45
    CHAR     shift, and go to state 2
    WHILE    shift, and go to state 46
    IF       shift, and go to state 47
    SHORT    shift, and go to state 3
    INT      shift, and go to state 4
    DOUBLE   shift, and go to state 5
    RETURN   shift, and go to state 48
    VOID     shift, and go to state 6
    LBRACE   shift, and go to state 49
    LPAR     shift, and go to state 33
    MINUS    shift, and go to state 34
    NOT      shift, and go to state 35
    PLUS     shift, and go to state 36
    SEMI     shift, and go to state 51
    REALLIT  shift, and go to state 37
    CHRLIT   shift, and go to state 38
    INTLIT   shift, and go to state 39
    ID       shift, and go to state 40

    RBRACE  reduce using rule 15 (DeclarationAndStatements)

    DeclarationAndStatements  go to state 95
    Declaration               go to state 53
    DeclarationAux            go to state 12
    TypeSpec                  go to state 54
    Statement                 go to state 55
    Expr                      go to state 56


State 56

   34 Statement: Expr . SEMI
   46 Expr: Expr . ASSIGN Expr
   47     | Expr . COMMA Expr
   48     | Expr . EQ Expr
   49     | Expr . NE Expr
   50     | Expr . LE Expr
   51     | Expr . GE Expr
   52     | Expr . LT Expr
   53     | Expr . GT Expr
   54     | Expr . PLUS Expr
   55     | Expr . MINUS Expr
   56     | Expr . MUL Expr
   57     | Expr . DIV Expr
   58     | Expr . MOD Expr
   59     | Expr . OR Expr
   60     | Expr . AND Expr
   61     | Expr . BITWISEAND Expr
   62     | Expr . BITWISEOR Expr
   63     | Expr . BITWISEXOR Expr

    BITWISEOR   shift, and go to state 63
    BITWISEAND  shift, and go to state 64
    BITWISEXOR  shift, and go to state 65
    AND         shift, and go to state 66
    ASSIGN      shift, and go to state 67
    MUL         shift, and go to state 68
    COMMA       shift, and go to state 69
    DIV         shift, and go to state 70
    EQ          shift, and go to state 71
    GE          shift, and go to state 72
    GT          shift, and go to state 73
    LE          shift, and go to state 74
    LT          shift, and go to state 75
    MINUS       shift, and go to state 76
    MOD         shift, and go to state 77
    NE          shift, and go to state 78
    OR          shift, and go to state 79
    PLUS        shift, and go to state 80
    SEMI        shift, and go to state 96


State 57

   75 Expr: LPAR error . RPAR

    RPAR  shift, and go to state 97


State 58

   46 Expr: Expr . ASSIGN Expr
   47     | Expr . COMMA Expr
   48     | Expr . EQ Expr
   49     | Expr . NE Expr
   50     | Expr . LE Expr
   51     | Expr . GE Expr
   52     | Expr . LT Expr
   53     | Expr . GT Expr
   54     | Expr . PLUS Expr
   55     | Expr . MINUS Expr
   56     | Expr . MUL Expr
   57     | Expr . DIV Expr
   58     | Expr . MOD Expr
   59     | Expr . OR Expr
   60     | Expr . AND Expr
   61     | Expr . BITWISEAND Expr
   62     | Expr . BITWISEOR Expr
   63     | Expr . BITWISEXOR Expr
   73     | LPAR Expr . RPAR

    BITWISEOR   shift, and go to state 63
    BITWISEAND  shift, and go to state 64
    BITWISEXOR  shift, and go to state 65
    AND         shift, and go to state 66
    ASSIGN      shift, and go to state 67
    MUL         shift, and go to state 68
    COMMA       shift, and go to state 69
    DIV         shift, and go to state 70
    EQ          shift, and go to state 71
    GE          shift, and go to state 72
    GT          shift, and go to state 73
    LE          shift, and go to state 74
    LT          shift, and go to state 75
    MINUS       shift, and go to state 76
    MOD         shift, and go to state 77
    NE          shift, and go to state 78
    OR          shift, and go to state 79
    PLUS        shift, and go to state 80
    RPAR        shift, and go to state 98


State 59

   46 Expr: Expr . ASSIGN Expr
   47     | Expr . COMMA Expr
   48     | Expr . EQ Expr
   49     | Expr . NE Expr
   50     | Expr . LE Expr
   51     | Expr . GE Expr
   52     | Expr . LT Expr
   53     | Expr . GT Expr
   54     | Expr . PLUS Expr
   55     | Expr . MINUS Expr
   56     | Expr . MUL Expr
   57     | Expr . DIV Expr
   58     | Expr . MOD Expr
   59     | Expr . OR Expr
   60     | Expr . AND Expr
   61     | Expr . BITWISEAND Expr
   62     | Expr . BITWISEOR Expr
   63     | Expr . BITWISEXOR Expr
   65     | MINUS Expr .

    MUL  shift, and go to state 68
    DIV  shift, and go to state 70
    MOD  shift, and go to state 77

    $default  reduce using rule 65 (Expr)


State 60

   46 Expr: Expr . ASSIGN Expr
   47     | Expr . COMMA Expr
   48     | Expr . EQ Expr
   49     | Expr . NE Expr
   50     | Expr . LE Expr
   51     | Expr . GE Expr
   52     | Expr . LT Expr
   53     | Expr . GT Expr
   54     | Expr . PLUS Expr
   55     | Expr . MINUS Expr
   56     | Expr . MUL Expr
   57     | Expr . DIV Expr
   58     | Expr . MOD Expr
   59     | Expr . OR Expr
   60     | Expr . AND Expr
   61     | Expr . BITWISEAND Expr
   62     | Expr . BITWISEOR Expr
   63     | Expr . BITWISEXOR Expr
   66     | NOT Expr .

    $default  reduce using rule 66 (Expr)


State 61

   46 Expr: Expr . ASSIGN Expr
   47     | Expr . COMMA Expr
   48     | Expr . EQ Expr
   49     | Expr . NE Expr
   50     | Expr . LE Expr
   51     | Expr . GE Expr
   52     | Expr . LT Expr
   53     | Expr . GT Expr
   54     | Expr . PLUS Expr
   55     | Expr . MINUS Expr
   56     | Expr . MUL Expr
   57     | Expr . DIV Expr
   58     | Expr . MOD Expr
   59     | Expr . OR Expr
   60     | Expr . AND Expr
   61     | Expr . BITWISEAND Expr
   62     | Expr . BITWISEOR Expr
   63     | Expr . BITWISEXOR Expr
   64     | PLUS Expr .

    MUL  shift, and go to state 68
    DIV  shift, and go to state 70
    MOD  shift, and go to state 77

    $default  reduce using rule 64 (Expr)


State 62

   67 Expr: ID LPAR . RPAR
   68     | ID LPAR . Expr RPAR
   74     | ID LPAR . error RPAR

    error    shift, and go to state 99
    LPAR     shift, and go to state 33
    MINUS    shift, and go to state 34
    NOT      shift, and go to state 35
    PLUS     shift, and go to state 36
    RPAR     shift, and go to state 100
    REALLIT  shift, and go to state 37
    CHRLIT   shift, and go to state 38
    INTLIT   shift, and go to state 39
    ID       shift, and go to state 40

    Expr  go to state 101


State 63

   62 Expr: Expr BITWISEOR . Expr

    LPAR     shift, and go to state 33
    MINUS    shift, and go to state 34
    NOT      shift, and go to state 35
    PLUS     shift, and go to state 36
    REALLIT  shift, and go to state 37
    CHRLIT   shift, and go to state 38
    INTLIT   shift, and go to state 39
    ID       shift, and go to state 40

    Expr  go to state 102


State 64

   61 Expr: Expr BITWISEAND . Expr

    LPAR     shift, and go to state 33
    MINUS    shift, and go to state 34
    NOT      shift, and go to state 35
    PLUS     shift, and go to state 36
    REALLIT  shift, and go to state 37
    CHRLIT   shift, and go to state 38
    INTLIT   shift, and go to state 39
    ID       shift, and go to state 40

    Expr  go to state 103


State 65

   63 Expr: Expr BITWISEXOR . Expr

    LPAR     shift, and go to state 33
    MINUS    shift, and go to state 34
    NOT      shift, and go to state 35
    PLUS     shift, and go to state 36
    REALLIT  shift, and go to state 37
    CHRLIT   shift, and go to state 38
    INTLIT   shift, and go to state 39
    ID       shift, and go to state 40

    Expr  go to state 104


State 66

   60 Expr: Expr AND . Expr

    LPAR     shift, and go to state 33
    MINUS    shift, and go to state 34
    NOT      shift, and go to state 35
    PLUS     shift, and go to state 36
    REALLIT  shift, and go to state 37
    CHRLIT   shift, and go to state 38
    INTLIT   shift, and go to state 39
    ID       shift, and go to state 40

    Expr  go to state 105


State 67

   46 Expr: Expr ASSIGN . Expr

    LPAR     shift, and go to state 33
    MINUS    shift, and go to state 34
    NOT      shift, and go to state 35
    PLUS     shift, and go to state 36
    REALLIT  shift, and go to state 37
    CHRLIT   shift, and go to state 38
    INTLIT   shift, and go to state 39
    ID       shift, and go to state 40

    Expr  go to state 106


State 68

   56 Expr: Expr MUL . Expr

    LPAR     shift, and go to state 33
    MINUS    shift, and go to state 34
    NOT      shift, and go to state 35
    PLUS     shift, and go to state 36
    REALLIT  shift, and go to state 37
    CHRLIT   shift, and go to state 38
    INTLIT   shift, and go to state 39
    ID       shift, and go to state 40

    Expr  go to state 107


State 69

   47 Expr: Expr COMMA . Expr

    LPAR     shift, and go to state 33
    MINUS    shift, and go to state 34
    NOT      shift, and go to state 35
    PLUS     shift, and go to state 36
    REALLIT  shift, and go to state 37
    CHRLIT   shift, and go to state 38
    INTLIT   shift, and go to state 39
    ID       shift, and go to state 40

    Expr  go to state 108


State 70

   57 Expr: Expr DIV . Expr

    LPAR     shift, and go to state 33
    MINUS    shift, and go to state 34
    NOT      shift, and go to state 35
    PLUS     shift, and go to state 36
    REALLIT  shift, and go to state 37
    CHRLIT   shift, and go to state 38
    INTLIT   shift, and go to state 39
    ID       shift, and go to state 40

    Expr  go to state 109


State 71

   48 Expr: Expr EQ . Expr

    LPAR     shift, and go to state 33
    MINUS    shift, and go to state 34
    NOT      shift, and go to state 35
    PLUS     shift, and go to state 36
    REALLIT  shift, and go to state 37
    CHRLIT   shift, and go to state 38
    INTLIT   shift, and go to state 39
    ID       shift, and go to state 40

    Expr  go to state 110


State 72

   51 Expr: Expr GE . Expr

    LPAR     shift, and go to state 33
    MINUS    shift, and go to state 34
    NOT      shift, and go to state 35
    PLUS     shift, and go to state 36
    REALLIT  shift, and go to state 37
    CHRLIT   shift, and go to state 38
    INTLIT   shift, and go to state 39
    ID       shift, and go to state 40

    Expr  go to state 111


State 73

   53 Expr: Expr GT . Expr

    LPAR     shift, and go to state 33
    MINUS    shift, and go to state 34
    NOT      shift, and go to state 35
    PLUS     shift, and go to state 36
    REALLIT  shift, and go to state 37
    CHRLIT   shift, and go to state 38
    INTLIT   shift, and go to state 39
    ID       shift, and go to state 40

    Expr  go to state 112


State 74

   50 Expr: Expr LE . Expr

    LPAR     shift, and go to state 33
    MINUS    shift, and go to state 34
    NOT      shift, and go to state 35
    PLUS     shift, and go to state 36
    REALLIT  shift, and go to state 37
    CHRLIT   shift, and go to state 38
    INTLIT   shift, and go to state 39
    ID       shift, and go to state 40

    Expr  go to state 113


State 75

   52 Expr: Expr LT . Expr

    LPAR     shift, and go to state 33
    MINUS    shift, and go to state 34
    NOT      shift, and go to state 35
    PLUS     shift, and go to state 36
    REALLIT  shift, and go to state 37
    CHRLIT   shift, and go to state 38
    INTLIT   shift, and go to state 39
    ID       shift, and go to state 40

    Expr  go to state 114


State 76

   55 Expr: Expr MINUS . Expr

    LPAR     shift, and go to state 33
    MINUS    shift, and go to state 34
    NOT      shift, and go to state 35
    PLUS     shift, and go to state 36
    REALLIT  shift, and go to state 37
    CHRLIT   shift, and go to state 38
    INTLIT   shift, and go to state 39
    ID       shift, and go to state 40

    Expr  go to state 115


State 77

   58 Expr: Expr MOD . Expr

    LPAR     shift, and go to state 33
    MINUS    shift, and go to state 34
    NOT      shift, and go to state 35
    PLUS     shift, and go to state 36
    REALLIT  shift, and go to state 37
    CHRLIT   shift, and go to state 38
    INTLIT   shift, and go to state 39
    ID       shift, and go to state 40

    Expr  go to state 116


State 78

   49 Expr: Expr NE . Expr

    LPAR     shift, and go to state 33
    MINUS    shift, and go to state 34
    NOT      shift, and go to state 35
    PLUS     shift, and go to state 36
    REALLIT  shift, and go to state 37
    CHRLIT   shift, and go to state 38
    INTLIT   shift, and go to state 39
    ID       shift, and go to state 40

    Expr  go to state 117


State 79

   59 Expr: Expr OR . Expr

    LPAR     shift, and go to state 33
    MINUS    shift, and go to state 34
    NOT      shift, and go to state 35
    PLUS     shift, and go to state 36
    REALLIT  shift, and go to state 37
    CHRLIT   shift, and go to state 38
    INTLIT   shift, and go to state 39
    ID       shift, and go to state 40

    Expr  go to state 118


State 80

   54 Expr: Expr PLUS . Expr

    LPAR     shift, and go to state 33
    MINUS    shift, and go to state 34
    NOT      shift, and go to state 35
    PLUS     shift, and go to state 36
    REALLIT  shift, and go to state 37
    CHRLIT   shift, and go to state 38
    INTLIT   shift, and go to state 39
    ID       shift, and go to state 40

    Expr  go to state 119


State 81

   20 ParameterList: ParameterList COMMA . ParameterDeclaration

    CHAR    shift, and go to state 2
    SHORT   shift, and go to state 3
    INT     shift, and go to state 4
    DOUBLE  shift, and go to state 5
    VOID    shift, and go to state 6

    ParameterDeclaration  go to state 120
    TypeSpec              go to state 44


State 82

   18 FunctionDeclarator: ID LPAR ParameterList RPAR .

    $default  reduce using rule 18 (FunctionDeclarator)


State 83

   22 ParameterDeclaration: TypeSpec ID .

    $default  reduce using rule 22 (ParameterDeclaration)


State 84

   42 Statement: error SEMI .

    $default  reduce using rule 42 (Statement)


State 85

   39 Statement: WHILE LPAR . Expr RPAR Statement

    LPAR     shift, and go to state 33
    MINUS    shift, and go to state 34
    NOT      shift, and go to state 35
    PLUS     shift, and go to state 36
    REALLIT  shift, and go to state 37
    CHRLIT   shift, and go to state 38
    INTLIT   shift, and go to state 39
    ID       shift, and go to state 40

    Expr  go to state 121


State 86

   37 Statement: IF LPAR . Expr RPAR Statement
   38          | IF LPAR . Expr RPAR Statement ELSE Statement

    LPAR     shift, and go to state 33
    MINUS    shift, and go to state 34
    NOT      shift, and go to state 35
    PLUS     shift, and go to state 36
    REALLIT  shift, and go to state 37
    CHRLIT   shift, and go to state 38
    INTLIT   shift, and go to state 39
    ID       shift, and go to state 40

    Expr  go to state 122


State 87

   40 Statement: RETURN SEMI .

    $default  reduce using rule 40 (Statement)


State 88

   41 Statement: RETURN Expr . SEMI
   46 Expr: Expr . ASSIGN Expr
   47     | Expr . COMMA Expr
   48     | Expr . EQ Expr
   49     | Expr . NE Expr
   50     | Expr . LE Expr
   51     | Expr . GE Expr
   52     | Expr . LT Expr
   53     | Expr . GT Expr
   54     | Expr . PLUS Expr
   55     | Expr . MINUS Expr
   56     | Expr . MUL Expr
   57     | Expr . DIV Expr
   58     | Expr . MOD Expr
   59     | Expr . OR Expr
   60     | Expr . AND Expr
   61     | Expr . BITWISEAND Expr
   62     | Expr . BITWISEOR Expr
   63     | Expr . BITWISEXOR Expr

    BITWISEOR   shift, and go to state 63
    BITWISEAND  shift, and go to state 64
    BITWISEXOR  shift, and go to state 65
    AND         shift, and go to state 66
    ASSIGN      shift, and go to state 67
    MUL         shift, and go to state 68
    COMMA       shift, and go to state 69
    DIV         shift, and go to state 70
    EQ          shift, and go to state 71
    GE          shift, and go to state 72
    GT          shift, and go to state 73
    LE          shift, and go to state 74
    LT          shift, and go to state 75
    MINUS       shift, and go to state 76
    MOD         shift, and go to state 77
    NE          shift, and go to state 78
    OR          shift, and go to state 79
    PLUS        shift, and go to state 80
    SEMI        shift, and go to state 123


State 89

   42 Statement: error . SEMI
   43          | LBRACE error . RBRACE

    RBRACE  shift, and go to state 124
    SEMI    shift, and go to state 84


State 90

   35 Statement: LBRACE RBRACE .

    $default  reduce using rule 35 (Statement)


State 91

   44 StatementAux: Statement .

    $default  reduce using rule 44 (StatementAux)


State 92

   36 Statement: LBRACE StatementAux . RBRACE
   45 StatementAux: StatementAux . Statement

    error    shift, and go to state 45
    WHILE    shift, and go to state 46
    IF       shift, and go to state 47
    RETURN   shift, and go to state 48
    LBRACE   shift, and go to state 49
    LPAR     shift, and go to state 33
    MINUS    shift, and go to state 34
    NOT      shift, and go to state 35
    PLUS     shift, and go to state 36
    RBRACE   shift, and go to state 125
    SEMI     shift, and go to state 51
    REALLIT  shift, and go to state 37
    CHRLIT   shift, and go to state 38
    INTLIT   shift, and go to state 39
    ID       shift, and go to state 40

    Statement  go to state 126
    Expr       go to state 56


State 93

   12 FunctionBody: LBRACE DeclarationAndStatements RBRACE .

    $default  reduce using rule 12 (FunctionBody)


State 94

   14 DeclarationAndStatements: Declaration DeclarationAndStatements .

    $default  reduce using rule 14 (DeclarationAndStatements)


State 95

   13 DeclarationAndStatements: Statement DeclarationAndStatements .

    $default  reduce using rule 13 (DeclarationAndStatements)


State 96

   34 Statement: Expr SEMI .

    $default  reduce using rule 34 (Statement)


State 97

   75 Expr: LPAR error RPAR .

    $default  reduce using rule 75 (Expr)


State 98

   73 Expr: LPAR Expr RPAR .

    $default  reduce using rule 73 (Expr)


State 99

   74 Expr: ID LPAR error . RPAR

    RPAR  shift, and go to state 127


State 100

   67 Expr: ID LPAR RPAR .

    $default  reduce using rule 67 (Expr)


State 101

   46 Expr: Expr . ASSIGN Expr
   47     | Expr . COMMA Expr
   48     | Expr . EQ Expr
   49     | Expr . NE Expr
   50     | Expr . LE Expr
   51     | Expr . GE Expr
   52     | Expr . LT Expr
   53     | Expr . GT Expr
   54     | Expr . PLUS Expr
   55     | Expr . MINUS Expr
   56     | Expr . MUL Expr
   57     | Expr . DIV Expr
   58     | Expr . MOD Expr
   59     | Expr . OR Expr
   60     | Expr . AND Expr
   61     | Expr . BITWISEAND Expr
   62     | Expr . BITWISEOR Expr
   63     | Expr . BITWISEXOR Expr
   68     | ID LPAR Expr . RPAR

    BITWISEOR   shift, and go to state 63
    BITWISEAND  shift, and go to state 64
    BITWISEXOR  shift, and go to state 65
    AND         shift, and go to state 66
    ASSIGN      shift, and go to state 67
    MUL         shift, and go to state 68
    COMMA       shift, and go to state 69
    DIV         shift, and go to state 70
    EQ          shift, and go to state 71
    GE          shift, and go to state 72
    GT          shift, and go to state 73
    LE          shift, and go to state 74
    LT          shift, and go to state 75
    MINUS       shift, and go to state 76
    MOD         shift, and go to state 77
    NE          shift, and go to state 78
    OR          shift, and go to state 79
    PLUS        shift, and go to state 80
    RPAR        shift, and go to state 128


State 102

   46 Expr: Expr . ASSIGN Expr
   47     | Expr . COMMA Expr
   48     | Expr . EQ Expr
   49     | Expr . NE Expr
   50     | Expr . LE Expr
   51     | Expr . GE Expr
   52     | Expr . LT Expr
   53     | Expr . GT Expr
   54     | Expr . PLUS Expr
   55     | Expr . MINUS Expr
   56     | Expr . MUL Expr
   57     | Expr . DIV Expr
   58     | Expr . MOD Expr
   59     | Expr . OR Expr
   60     | Expr . AND Expr
   61     | Expr . BITWISEAND Expr
   62     | Expr . BITWISEOR Expr
   62     | Expr BITWISEOR Expr .
   63     | Expr . BITWISEXOR Expr

    BITWISEAND  shift, and go to state 64
    BITWISEXOR  shift, and go to state 65
    MUL         shift, and go to state 68
    DIV         shift, and go to state 70
    EQ          shift, and go to state 71
    GE          shift, and go to state 72
    GT          shift, and go to state 73
    LE          shift, and go to state 74
    LT          shift, and go to state 75
    MINUS       shift, and go to state 76
    MOD         shift, and go to state 77
    NE          shift, and go to state 78
    PLUS        shift, and go to state 80

    $default  reduce using rule 62 (Expr)


State 103

   46 Expr: Expr . ASSIGN Expr
   47     | Expr . COMMA Expr
   48     | Expr . EQ Expr
   49     | Expr . NE Expr
   50     | Expr . LE Expr
   51     | Expr . GE Expr
   52     | Expr . LT Expr
   53     | Expr . GT Expr
   54     | Expr . PLUS Expr
   55     | Expr . MINUS Expr
   56     | Expr . MUL Expr
   57     | Expr . DIV Expr
   58     | Expr . MOD Expr
   59     | Expr . OR Expr
   60     | Expr . AND Expr
   61     | Expr . BITWISEAND Expr
   61     | Expr BITWISEAND Expr .
   62     | Expr . BITWISEOR Expr
   63     | Expr . BITWISEXOR Expr

    MUL    shift, and go to state 68
    DIV    shift, and go to state 70
    EQ     shift, and go to state 71
    GE     shift, and go to state 72
    GT     shift, and go to state 73
    LE     shift, and go to state 74
    LT     shift, and go to state 75
    MINUS  shift, and go to state 76
    MOD    shift, and go to state 77
    NE     shift, and go to state 78
    PLUS   shift, and go to state 80

    $default  reduce using rule 61 (Expr)


State 104

   46 Expr: Expr . ASSIGN Expr
   47     | Expr . COMMA Expr
   48     | Expr . EQ Expr
   49     | Expr . NE Expr
   50     | Expr . LE Expr
   51     | Expr . GE Expr
   52     | Expr . LT Expr
   53     | Expr . GT Expr
   54     | Expr . PLUS Expr
   55     | Expr . MINUS Expr
   56     | Expr . MUL Expr
   57     | Expr . DIV Expr
   58     | Expr . MOD Expr
   59     | Expr . OR Expr
   60     | Expr . AND Expr
   61     | Expr . BITWISEAND Expr
   62     | Expr . BITWISEOR Expr
   63     | Expr . BITWISEXOR Expr
   63     | Expr BITWISEXOR Expr .

    BITWISEAND  shift, and go to state 64
    MUL         shift, and go to state 68
    DIV         shift, and go to state 70
    EQ          shift, and go to state 71
    GE          shift, and go to state 72
    GT          shift, and go to state 73
    LE          shift, and go to state 74
    LT          shift, and go to state 75
    MINUS       shift, and go to state 76
    MOD         shift, and go to state 77
    NE          shift, and go to state 78
    PLUS        shift, and go to state 80

    $default  reduce using rule 63 (Expr)


State 105

   46 Expr: Expr . ASSIGN Expr
   47     | Expr . COMMA Expr
   48     | Expr . EQ Expr
   49     | Expr . NE Expr
   50     | Expr . LE Expr
   51     | Expr . GE Expr
   52     | Expr . LT Expr
   53     | Expr . GT Expr
   54     | Expr . PLUS Expr
   55     | Expr . MINUS Expr
   56     | Expr . MUL Expr
   57     | Expr . DIV Expr
   58     | Expr . MOD Expr
   59     | Expr . OR Expr
   60     | Expr . AND Expr
   60     | Expr AND Expr .
   61     | Expr . BITWISEAND Expr
   62     | Expr . BITWISEOR Expr
   63     | Expr . BITWISEXOR Expr

    BITWISEOR   shift, and go to state 63
    BITWISEAND  shift, and go to state 64
    BITWISEXOR  shift, and go to state 65
    MUL         shift, and go to state 68
    DIV         shift, and go to state 70
    EQ          shift, and go to state 71
    GE          shift, and go to state 72
    GT          shift, and go to state 73
    LE          shift, and go to state 74
    LT          shift, and go to state 75
    MINUS       shift, and go to state 76
    MOD         shift, and go to state 77
    NE          shift, and go to state 78
    PLUS        shift, and go to state 80

    $default  reduce using rule 60 (Expr)


State 106

   46 Expr: Expr . ASSIGN Expr
   46     | Expr ASSIGN Expr .
   47     | Expr . COMMA Expr
   48     | Expr . EQ Expr
   49     | Expr . NE Expr
   50     | Expr . LE Expr
   51     | Expr . GE Expr
   52     | Expr . LT Expr
   53     | Expr . GT Expr
   54     | Expr . PLUS Expr
   55     | Expr . MINUS Expr
   56     | Expr . MUL Expr
   57     | Expr . DIV Expr
   58     | Expr . MOD Expr
   59     | Expr . OR Expr
   60     | Expr . AND Expr
   61     | Expr . BITWISEAND Expr
   62     | Expr . BITWISEOR Expr
   63     | Expr . BITWISEXOR Expr

    BITWISEOR   shift, and go to state 63
    BITWISEAND  shift, and go to state 64
    BITWISEXOR  shift, and go to state 65
    AND         shift, and go to state 66
    ASSIGN      shift, and go to state 67
    MUL         shift, and go to state 68
    DIV         shift, and go to state 70
    EQ          shift, and go to state 71
    GE          shift, and go to state 72
    GT          shift, and go to state 73
    LE          shift, and go to state 74
    LT          shift, and go to state 75
    MINUS       shift, and go to state 76
    MOD         shift, and go to state 77
    NE          shift, and go to state 78
    OR          shift, and go to state 79
    PLUS        shift, and go to state 80

    $default  reduce using rule 46 (Expr)


State 107

   46 Expr: Expr . ASSIGN Expr
   47     | Expr . COMMA Expr
   48     | Expr . EQ Expr
   49     | Expr . NE Expr
   50     | Expr . LE Expr
   51     | Expr . GE Expr
   52     | Expr . LT Expr
   53     | Expr . GT Expr
   54     | Expr . PLUS Expr
   55     | Expr . MINUS Expr
   56     | Expr . MUL Expr
   56     | Expr MUL Expr .
   57     | Expr . DIV Expr
   58     | Expr . MOD Expr
   59     | Expr . OR Expr
   60     | Expr . AND Expr
   61     | Expr . BITWISEAND Expr
   62     | Expr . BITWISEOR Expr
   63     | Expr . BITWISEXOR Expr

    $default  reduce using rule 56 (Expr)


State 108

   46 Expr: Expr . ASSIGN Expr
   47     | Expr . COMMA Expr
   47     | Expr COMMA Expr .
   48     | Expr . EQ Expr
   49     | Expr . NE Expr
   50     | Expr . LE Expr
   51     | Expr . GE Expr
   52     | Expr . LT Expr
   53     | Expr . GT Expr
   54     | Expr . PLUS Expr
   55     | Expr . MINUS Expr
   56     | Expr . MUL Expr
   57     | Expr . DIV Expr
   58     | Expr . MOD Expr
   59     | Expr . OR Expr
   60     | Expr . AND Expr
   61     | Expr . BITWISEAND Expr
   62     | Expr . BITWISEOR Expr
   63     | Expr . BITWISEXOR Expr

    BITWISEOR   shift, and go to state 63
    BITWISEAND  shift, and go to state 64
    BITWISEXOR  shift, and go to state 65
    AND         shift, and go to state 66
    ASSIGN      shift, and go to state 67
    MUL         shift, and go to state 68
    DIV         shift, and go to state 70
    EQ          shift, and go to state 71
    GE          shift, and go to state 72
    GT          shift, and go to state 73
    LE          shift, and go to state 74
    LT          shift, and go to state 75
    MINUS       shift, and go to state 76
    MOD         shift, and go to state 77
    NE          shift, and go to state 78
    OR          shift, and go to state 79
    PLUS        shift, and go to state 80

    $default  reduce using rule 47 (Expr)


State 109

   46 Expr: Expr . ASSIGN Expr
   47     | Expr . COMMA Expr
   48     | Expr . EQ Expr
   49     | Expr . NE Expr
   50     | Expr . LE Expr
   51     | Expr . GE Expr
   52     | Expr . LT Expr
   53     | Expr . GT Expr
   54     | Expr . PLUS Expr
   55     | Expr . MINUS Expr
   56     | Expr . MUL Expr
   57     | Expr . DIV Expr
   57     | Expr DIV Expr .
   58     | Expr . MOD Expr
   59     | Expr . OR Expr
   60     | Expr . AND Expr
   61     | Expr . BITWISEAND Expr
   62     | Expr . BITWISEOR Expr
   63     | Expr . BITWISEXOR Expr

    $default  reduce using rule 57 (Expr)


State 110

   46 Expr: Expr . ASSIGN Expr
   47     | Expr . COMMA Expr
   48     | Expr . EQ Expr
   48     | Expr EQ Expr .
   49     | Expr . NE Expr
   50     | Expr . LE Expr
   51     | Expr . GE Expr
   52     | Expr . LT Expr
   53     | Expr . GT Expr
   54     | Expr . PLUS Expr
   55     | Expr . MINUS Expr
   56     | Expr . MUL Expr
   57     | Expr . DIV Expr
   58     | Expr . MOD Expr
   59     | Expr . OR Expr
   60     | Expr . AND Expr
   61     | Expr . BITWISEAND Expr
   62     | Expr . BITWISEOR Expr
   63     | Expr . BITWISEXOR Expr

    MUL    shift, and go to state 68
    DIV    shift, and go to state 70
    GE     shift, and go to state 72
    GT     shift, and go to state 73
    LE     shift, and go to state 74
    LT     shift, and go to state 75
    MINUS  shift, and go to state 76
    MOD    shift, and go to state 77
    PLUS   shift, and go to state 80

    $default  reduce using rule 48 (Expr)


State 111

   46 Expr: Expr . ASSIGN Expr
   47     | Expr . COMMA Expr
   48     | Expr . EQ Expr
   49     | Expr . NE Expr
   50     | Expr . LE Expr
   51     | Expr . GE Expr
   51     | Expr GE Expr .
   52     | Expr . LT Expr
   53     | Expr . GT Expr
   54     | Expr . PLUS Expr
   55     | Expr . MINUS Expr
   56     | Expr . MUL Expr
   57     | Expr . DIV Expr
   58     | Expr . MOD Expr
   59     | Expr . OR Expr
   60     | Expr . AND Expr
   61     | Expr . BITWISEAND Expr
   62     | Expr . BITWISEOR Expr
   63     | Expr . BITWISEXOR Expr

    MUL    shift, and go to state 68
    DIV    shift, and go to state 70
    MINUS  shift, and go to state 76
    MOD    shift, and go to state 77
    PLUS   shift, and go to state 80

    $default  reduce using rule 51 (Expr)


State 112

   46 Expr: Expr . ASSIGN Expr
   47     | Expr . COMMA Expr
   48     | Expr . EQ Expr
   49     | Expr . NE Expr
   50     | Expr . LE Expr
   51     | Expr . GE Expr
   52     | Expr . LT Expr
   53     | Expr . GT Expr
   53     | Expr GT Expr .
   54     | Expr . PLUS Expr
   55     | Expr . MINUS Expr
   56     | Expr . MUL Expr
   57     | Expr . DIV Expr
   58     | Expr . MOD Expr
   59     | Expr . OR Expr
   60     | Expr . AND Expr
   61     | Expr . BITWISEAND Expr
   62     | Expr . BITWISEOR Expr
   63     | Expr . BITWISEXOR Expr

    MUL    shift, and go to state 68
    DIV    shift, and go to state 70
    MINUS  shift, and go to state 76
    MOD    shift, and go to state 77
    PLUS   shift, and go to state 80

    $default  reduce using rule 53 (Expr)


State 113

   46 Expr: Expr . ASSIGN Expr
   47     | Expr . COMMA Expr
   48     | Expr . EQ Expr
   49     | Expr . NE Expr
   50     | Expr . LE Expr
   50     | Expr LE Expr .
   51     | Expr . GE Expr
   52     | Expr . LT Expr
   53     | Expr . GT Expr
   54     | Expr . PLUS Expr
   55     | Expr . MINUS Expr
   56     | Expr . MUL Expr
   57     | Expr . DIV Expr
   58     | Expr . MOD Expr
   59     | Expr . OR Expr
   60     | Expr . AND Expr
   61     | Expr . BITWISEAND Expr
   62     | Expr . BITWISEOR Expr
   63     | Expr . BITWISEXOR Expr

    MUL    shift, and go to state 68
    DIV    shift, and go to state 70
    MINUS  shift, and go to state 76
    MOD    shift, and go to state 77
    PLUS   shift, and go to state 80

    $default  reduce using rule 50 (Expr)


State 114

   46 Expr: Expr . ASSIGN Expr
   47     | Expr . COMMA Expr
   48     | Expr . EQ Expr
   49     | Expr . NE Expr
   50     | Expr . LE Expr
   51     | Expr . GE Expr
   52     | Expr . LT Expr
   52     | Expr LT Expr .
   53     | Expr . GT Expr
   54     | Expr . PLUS Expr
   55     | Expr . MINUS Expr
   56     | Expr . MUL Expr
   57     | Expr . DIV Expr
   58     | Expr . MOD Expr
   59     | Expr . OR Expr
   60     | Expr . AND Expr
   61     | Expr . BITWISEAND Expr
   62     | Expr . BITWISEOR Expr
   63     | Expr . BITWISEXOR Expr

    MUL    shift, and go to state 68
    DIV    shift, and go to state 70
    MINUS  shift, and go to state 76
    MOD    shift, and go to state 77
    PLUS   shift, and go to state 80

    $default  reduce using rule 52 (Expr)


State 115

   46 Expr: Expr . ASSIGN Expr
   47     | Expr . COMMA Expr
   48     | Expr . EQ Expr
   49     | Expr . NE Expr
   50     | Expr . LE Expr
   51     | Expr . GE Expr
   52     | Expr . LT Expr
   53     | Expr . GT Expr
   54     | Expr . PLUS Expr
   55     | Expr . MINUS Expr
   55     | Expr MINUS Expr .
   56     | Expr . MUL Expr
   57     | Expr . DIV Expr
   58     | Expr . MOD Expr
   59     | Expr . OR Expr
   60     | Expr . AND Expr
   61     | Expr . BITWISEAND Expr
   62     | Expr . BITWISEOR Expr
   63     | Expr . BITWISEXOR Expr

    MUL  shift, and go to state 68
    DIV  shift, and go to state 70
    MOD  shift, and go to state 77

    $default  reduce using rule 55 (Expr)


State 116

   46 Expr: Expr . ASSIGN Expr
   47     | Expr . COMMA Expr
   48     | Expr . EQ Expr
   49     | Expr . NE Expr
   50     | Expr . LE Expr
   51     | Expr . GE Expr
   52     | Expr . LT Expr
   53     | Expr . GT Expr
   54     | Expr . PLUS Expr
   55     | Expr . MINUS Expr
   56     | Expr . MUL Expr
   57     | Expr . DIV Expr
   58     | Expr . MOD Expr
   58     | Expr MOD Expr .
   59     | Expr . OR Expr
   60     | Expr . AND Expr
   61     | Expr . BITWISEAND Expr
   62     | Expr . BITWISEOR Expr
   63     | Expr . BITWISEXOR Expr

    $default  reduce using rule 58 (Expr)


State 117

   46 Expr: Expr . ASSIGN Expr
   47     | Expr . COMMA Expr
   48     | Expr . EQ Expr
   49     | Expr . NE Expr
   49     | Expr NE Expr .
   50     | Expr . LE Expr
   51     | Expr . GE Expr
   52     | Expr . LT Expr
   53     | Expr . GT Expr
   54     | Expr . PLUS Expr
   55     | Expr . MINUS Expr
   56     | Expr . MUL Expr
   57     | Expr . DIV Expr
   58     | Expr . MOD Expr
   59     | Expr . OR Expr
   60     | Expr . AND Expr
   61     | Expr . BITWISEAND Expr
   62     | Expr . BITWISEOR Expr
   63     | Expr . BITWISEXOR Expr

    MUL    shift, and go to state 68
    DIV    shift, and go to state 70
    GE     shift, and go to state 72
    GT     shift, and go to state 73
    LE     shift, and go to state 74
    LT     shift, and go to state 75
    MINUS  shift, and go to state 76
    MOD    shift, and go to state 77
    PLUS   shift, and go to state 80

    $default  reduce using rule 49 (Expr)


State 118

   46 Expr: Expr . ASSIGN Expr
   47     | Expr . COMMA Expr
   48     | Expr . EQ Expr
   49     | Expr . NE Expr
   50     | Expr . LE Expr
   51     | Expr . GE Expr
   52     | Expr . LT Expr
   53     | Expr . GT Expr
   54     | Expr . PLUS Expr
   55     | Expr . MINUS Expr
   56     | Expr . MUL Expr
   57     | Expr . DIV Expr
   58     | Expr . MOD Expr
   59     | Expr . OR Expr
   59     | Expr OR Expr .
   60     | Expr . AND Expr
   61     | Expr . BITWISEAND Expr
   62     | Expr . BITWISEOR Expr
   63     | Expr . BITWISEXOR Expr

    BITWISEOR   shift, and go to state 63
    BITWISEAND  shift, and go to state 64
    BITWISEXOR  shift, and go to state 65
    AND         shift, and go to state 66
    MUL         shift, and go to state 68
    DIV         shift, and go to state 70
    EQ          shift, and go to state 71
    GE          shift, and go to state 72
    GT          shift, and go to state 73
    LE          shift, and go to state 74
    LT          shift, and go to state 75
    MINUS       shift, and go to state 76
    MOD         shift, and go to state 77
    NE          shift, and go to state 78
    PLUS        shift, and go to state 80

    $default  reduce using rule 59 (Expr)


State 119

   46 Expr: Expr . ASSIGN Expr
   47     | Expr . COMMA Expr
   48     | Expr . EQ Expr
   49     | Expr . NE Expr
   50     | Expr . LE Expr
   51     | Expr . GE Expr
   52     | Expr . LT Expr
   53     | Expr . GT Expr
   54     | Expr . PLUS Expr
   54     | Expr PLUS Expr .
   55     | Expr . MINUS Expr
   56     | Expr . MUL Expr
   57     | Expr . DIV Expr
   58     | Expr . MOD Expr
   59     | Expr . OR Expr
   60     | Expr . AND Expr
   61     | Expr . BITWISEAND Expr
   62     | Expr . BITWISEOR Expr
   63     | Expr . BITWISEXOR Expr

    MUL  shift, and go to state 68
    DIV  shift, and go to state 70
    MOD  shift, and go to state 77

    $default  reduce using rule 54 (Expr)


State 120

   20 ParameterList: ParameterList COMMA ParameterDeclaration .

    $default  reduce using rule 20 (ParameterList)


State 121

   39 Statement: WHILE LPAR Expr . RPAR Statement
   46 Expr: Expr . ASSIGN Expr
   47     | Expr . COMMA Expr
   48     | Expr . EQ Expr
   49     | Expr . NE Expr
   50     | Expr . LE Expr
   51     | Expr . GE Expr
   52     | Expr . LT Expr
   53     | Expr . GT Expr
   54     | Expr . PLUS Expr
   55     | Expr . MINUS Expr
   56     | Expr . MUL Expr
   57     | Expr . DIV Expr
   58     | Expr . MOD Expr
   59     | Expr . OR Expr
   60     | Expr . AND Expr
   61     | Expr . BITWISEAND Expr
   62     | Expr . BITWISEOR Expr
   63     | Expr . BITWISEXOR Expr

    BITWISEOR   shift, and go to state 63
    BITWISEAND  shift, and go to state 64
    BITWISEXOR  shift, and go to state 65
    AND         shift, and go to state 66
    ASSIGN      shift, and go to state 67
    MUL         shift, and go to state 68
    COMMA       shift, and go to state 69
    DIV         shift, and go to state 70
    EQ          shift, and go to state 71
    GE          shift, and go to state 72
    GT          shift, and go to state 73
    LE          shift, and go to state 74
    LT          shift, and go to state 75
    MINUS       shift, and go to state 76
    MOD         shift, and go to state 77
    NE          shift, and go to state 78
    OR          shift, and go to state 79
    PLUS        shift, and go to state 80
    RPAR        shift, and go to state 129


State 122

   37 Statement: IF LPAR Expr . RPAR Statement
   38          | IF LPAR Expr . RPAR Statement ELSE Statement
   46 Expr: Expr . ASSIGN Expr
   47     | Expr . COMMA Expr
   48     | Expr . EQ Expr
   49     | Expr . NE Expr
   50     | Expr . LE Expr
   51     | Expr . GE Expr
   52     | Expr . LT Expr
   53     | Expr . GT Expr
   54     | Expr . PLUS Expr
   55     | Expr . MINUS Expr
   56     | Expr . MUL Expr
   57     | Expr . DIV Expr
   58     | Expr . MOD Expr
   59     | Expr . OR Expr
   60     | Expr . AND Expr
   61     | Expr . BITWISEAND Expr
   62     | Expr . BITWISEOR Expr
   63     | Expr . BITWISEXOR Expr

    BITWISEOR   shift, and go to state 63
    BITWISEAND  shift, and go to state 64
    BITWISEXOR  shift, and go to state 65
    AND         shift, and go to state 66
    ASSIGN      shift, and go to state 67
    MUL         shift, and go to state 68
    COMMA       shift, and go to state 69
    DIV         shift, and go to state 70
    EQ          shift, and go to state 71
    GE          shift, and go to state 72
    GT          shift, and go to state 73
    LE          shift, and go to state 74
    LT          shift, and go to state 75
    MINUS       shift, and go to state 76
    MOD         shift, and go to state 77
    NE          shift, and go to state 78
    OR          shift, and go to state 79
    PLUS        shift, and go to state 80
    RPAR        shift, and go to state 130


State 123

   41 Statement: RETURN Expr SEMI .

    $default  reduce using rule 41 (Statement)


State 124

   43 Statement: LBRACE error RBRACE .

    $default  reduce using rule 43 (Statement)


State 125

   36 Statement: LBRACE StatementAux RBRACE .

    $default  reduce using rule 36 (Statement)


State 126

   45 StatementAux: StatementAux Statement .

    $default  reduce using rule 45 (StatementAux)


State 127

   74 Expr: ID LPAR error RPAR .

    $default  reduce using rule 74 (Expr)


State 128

   68 Expr: ID LPAR Expr RPAR .

    $default  reduce using rule 68 (Expr)


State 129

   39 Statement: WHILE LPAR Expr RPAR . Statement

    error    shift, and go to state 45
    WHILE    shift, and go to state 46
    IF       shift, and go to state 47
    RETURN   shift, and go to state 48
    LBRACE   shift, and go to state 49
    LPAR     shift, and go to state 33
    MINUS    shift, and go to state 34
    NOT      shift, and go to state 35
    PLUS     shift, and go to state 36
    SEMI     shift, and go to state 51
    REALLIT  shift, and go to state 37
    CHRLIT   shift, and go to state 38
    INTLIT   shift, and go to state 39
    ID       shift, and go to state 40

    Statement  go to state 131
    Expr       go to state 56


State 130

   37 Statement: IF LPAR Expr RPAR . Statement
   38          | IF LPAR Expr RPAR . Statement ELSE Statement

    error    shift, and go to state 45
    WHILE    shift, and go to state 46
    IF       shift, and go to state 47
    RETURN   shift, and go to state 48
    LBRACE   shift, and go to state 49
    LPAR     shift, and go to state 33
    MINUS    shift, and go to state 34
    NOT      shift, and go to state 35
    PLUS     shift, and go to state 36
    SEMI     shift, and go to state 51
    REALLIT  shift, and go to state 37
    CHRLIT   shift, and go to state 38
    INTLIT   shift, and go to state 39
    ID       shift, and go to state 40

    Statement  go to state 132
    Expr       go to state 56


State 131

   39 Statement: WHILE LPAR Expr RPAR Statement .

    $default  reduce using rule 39 (Statement)


State 132

   37 Statement: IF LPAR Expr RPAR Statement .
   38          | IF LPAR Expr RPAR Statement . ELSE Statement

    ELSE  shift, and go to state 133

    $default  reduce using rule 37 (Statement)


State 133

   38 Statement: IF LPAR Expr RPAR Statement ELSE . Statement

    error    shift, and go to state 45
    WHILE    shift, and go to state 46
    IF       shift, and go to state 47
    RETURN   shift, and go to state 48
    LBRACE   shift, and go to state 49
    LPAR     shift, and go to state 33
    MINUS    shift, and go to state 34
    NOT      shift, and go to state 35
    PLUS     shift, and go to state 36
    SEMI     shift, and go to state 51
    REALLIT  shift, and go to state 37
    CHRLIT   shift, and go to state 38
    INTLIT   shift, and go to state 39
    ID       shift, and go to state 40

    Statement  go to state 134
    Expr       go to state 56


State 134

   38 Statement: IF LPAR Expr RPAR Statement ELSE Statement .

    $default  reduce using rule 38 (Statement)
